[2022-12-04 16:28:49,651] {taskinstance.py:1032} INFO - Dependencies all met for <TaskInstance: data_ingest_yuda.save_as_csv_task manual__2022-12-04T16:23:53.008846+00:00 [queued]>
[2022-12-04 16:28:49,663] {taskinstance.py:1032} INFO - Dependencies all met for <TaskInstance: data_ingest_yuda.save_as_csv_task manual__2022-12-04T16:23:53.008846+00:00 [queued]>
[2022-12-04 16:28:49,663] {taskinstance.py:1238} INFO - 
--------------------------------------------------------------------------------
[2022-12-04 16:28:49,664] {taskinstance.py:1239} INFO - Starting attempt 1 of 2
[2022-12-04 16:28:49,664] {taskinstance.py:1240} INFO - 
--------------------------------------------------------------------------------
[2022-12-04 16:28:49,676] {taskinstance.py:1259} INFO - Executing <Task(PythonOperator): save_as_csv_task> on 2022-12-04 16:23:53.008846+00:00
[2022-12-04 16:28:49,680] {standard_task_runner.py:52} INFO - Started process 1293 to run task
[2022-12-04 16:28:49,682] {standard_task_runner.py:76} INFO - Running: ['***', 'tasks', 'run', 'data_ingest_yuda', 'save_as_csv_task', 'manual__2022-12-04T16:23:53.008846+00:00', '--job-id', '9', '--raw', '--subdir', 'DAGS_FOLDER/data_ingest_yuda.py', '--cfg-path', '/tmp/tmp1o99feti', '--error-file', '/tmp/tmpae_3r50r']
[2022-12-04 16:28:49,683] {standard_task_runner.py:77} INFO - Job 9: Subtask save_as_csv_task
[2022-12-04 16:28:49,734] {logging_mixin.py:109} INFO - Running <TaskInstance: data_ingest_yuda.save_as_csv_task manual__2022-12-04T16:23:53.008846+00:00 [running]> on host 73a87de6132e
[2022-12-04 16:28:49,777] {taskinstance.py:1426} INFO - Exporting the following env vars:
AIRFLOW_CTX_DAG_OWNER=yudasatrias
AIRFLOW_CTX_DAG_ID=data_ingest_yuda
AIRFLOW_CTX_TASK_ID=save_as_csv_task
AIRFLOW_CTX_EXECUTION_DATE=2022-12-04T16:23:53.008846+00:00
AIRFLOW_CTX_DAG_RUN_ID=manual__2022-12-04T16:23:53.008846+00:00
[2022-12-04 16:28:49,799] {python.py:175} INFO - Done. Returned value was: None
[2022-12-04 16:28:49,809] {taskinstance.py:1277} INFO - Marking task as SUCCESS. dag_id=data_ingest_yuda, task_id=save_as_csv_task, execution_date=20221204T162353, start_date=20221204T162849, end_date=20221204T162849
[2022-12-04 16:28:49,856] {local_task_job.py:154} INFO - Task exited with return code 0
[2022-12-04 16:28:49,886] {local_task_job.py:264} INFO - 1 downstream tasks scheduled from follow-on schedule check
