[2022-12-04 18:16:03,388] {taskinstance.py:1032} INFO - Dependencies all met for <TaskInstance: data_ingest_yuda.save_as_csv_task manual__2022-12-04T18:15:57.660299+00:00 [queued]>
[2022-12-04 18:16:03,396] {taskinstance.py:1032} INFO - Dependencies all met for <TaskInstance: data_ingest_yuda.save_as_csv_task manual__2022-12-04T18:15:57.660299+00:00 [queued]>
[2022-12-04 18:16:03,397] {taskinstance.py:1238} INFO - 
--------------------------------------------------------------------------------
[2022-12-04 18:16:03,397] {taskinstance.py:1239} INFO - Starting attempt 1 of 2
[2022-12-04 18:16:03,398] {taskinstance.py:1240} INFO - 
--------------------------------------------------------------------------------
[2022-12-04 18:16:03,409] {taskinstance.py:1259} INFO - Executing <Task(PythonOperator): save_as_csv_task> on 2022-12-04 18:15:57.660299+00:00
[2022-12-04 18:16:03,413] {standard_task_runner.py:52} INFO - Started process 235 to run task
[2022-12-04 18:16:03,415] {standard_task_runner.py:76} INFO - Running: ['***', 'tasks', 'run', 'data_ingest_yuda', 'save_as_csv_task', 'manual__2022-12-04T18:15:57.660299+00:00', '--job-id', '21', '--raw', '--subdir', 'DAGS_FOLDER/data_ingest_yuda.py', '--cfg-path', '/tmp/tmpdx8pcvqa', '--error-file', '/tmp/tmpl57mllax']
[2022-12-04 18:16:03,416] {standard_task_runner.py:77} INFO - Job 21: Subtask save_as_csv_task
[2022-12-04 18:16:03,460] {logging_mixin.py:109} INFO - Running <TaskInstance: data_ingest_yuda.save_as_csv_task manual__2022-12-04T18:15:57.660299+00:00 [running]> on host 3eaca2e90828
[2022-12-04 18:16:03,505] {taskinstance.py:1426} INFO - Exporting the following env vars:
AIRFLOW_CTX_DAG_OWNER=yudasatrias
AIRFLOW_CTX_DAG_ID=data_ingest_yuda
AIRFLOW_CTX_TASK_ID=save_as_csv_task
AIRFLOW_CTX_EXECUTION_DATE=2022-12-04T18:15:57.660299+00:00
AIRFLOW_CTX_DAG_RUN_ID=manual__2022-12-04T18:15:57.660299+00:00
[2022-12-04 18:16:03,566] {python.py:175} INFO - Done. Returned value was: None
[2022-12-04 18:16:03,575] {taskinstance.py:1277} INFO - Marking task as SUCCESS. dag_id=data_ingest_yuda, task_id=save_as_csv_task, execution_date=20221204T181557, start_date=20221204T181603, end_date=20221204T181603
[2022-12-04 18:16:03,629] {local_task_job.py:154} INFO - Task exited with return code 0
[2022-12-04 18:16:03,659] {local_task_job.py:264} INFO - 1 downstream tasks scheduled from follow-on schedule check
