[2022-12-04 16:28:51,481] {taskinstance.py:1032} INFO - Dependencies all met for <TaskInstance: data_ingest_yuda.format_to_parquet_task manual__2022-12-04T16:23:53.008846+00:00 [queued]>
[2022-12-04 16:28:51,489] {taskinstance.py:1032} INFO - Dependencies all met for <TaskInstance: data_ingest_yuda.format_to_parquet_task manual__2022-12-04T16:23:53.008846+00:00 [queued]>
[2022-12-04 16:28:51,490] {taskinstance.py:1238} INFO - 
--------------------------------------------------------------------------------
[2022-12-04 16:28:51,491] {taskinstance.py:1239} INFO - Starting attempt 1 of 2
[2022-12-04 16:28:51,491] {taskinstance.py:1240} INFO - 
--------------------------------------------------------------------------------
[2022-12-04 16:28:51,501] {taskinstance.py:1259} INFO - Executing <Task(PythonOperator): format_to_parquet_task> on 2022-12-04 16:23:53.008846+00:00
[2022-12-04 16:28:51,506] {standard_task_runner.py:52} INFO - Started process 1309 to run task
[2022-12-04 16:28:51,509] {standard_task_runner.py:76} INFO - Running: ['***', 'tasks', 'run', 'data_ingest_yuda', 'format_to_parquet_task', 'manual__2022-12-04T16:23:53.008846+00:00', '--job-id', '10', '--raw', '--subdir', 'DAGS_FOLDER/data_ingest_yuda.py', '--cfg-path', '/tmp/tmp1ldz9tmz', '--error-file', '/tmp/tmpvpvzptpg']
[2022-12-04 16:28:51,510] {standard_task_runner.py:77} INFO - Job 10: Subtask format_to_parquet_task
[2022-12-04 16:28:51,553] {logging_mixin.py:109} INFO - Running <TaskInstance: data_ingest_yuda.format_to_parquet_task manual__2022-12-04T16:23:53.008846+00:00 [running]> on host 73a87de6132e
[2022-12-04 16:28:51,595] {taskinstance.py:1426} INFO - Exporting the following env vars:
AIRFLOW_CTX_DAG_OWNER=yudasatrias
AIRFLOW_CTX_DAG_ID=data_ingest_yuda
AIRFLOW_CTX_TASK_ID=format_to_parquet_task
AIRFLOW_CTX_EXECUTION_DATE=2022-12-04T16:23:53.008846+00:00
AIRFLOW_CTX_DAG_RUN_ID=manual__2022-12-04T16:23:53.008846+00:00
[2022-12-04 16:28:51,686] {python.py:175} INFO - Done. Returned value was: None
[2022-12-04 16:28:51,696] {taskinstance.py:1277} INFO - Marking task as SUCCESS. dag_id=data_ingest_yuda, task_id=format_to_parquet_task, execution_date=20221204T162353, start_date=20221204T162851, end_date=20221204T162851
[2022-12-04 16:28:51,723] {local_task_job.py:154} INFO - Task exited with return code 0
[2022-12-04 16:28:51,752] {local_task_job.py:264} INFO - 1 downstream tasks scheduled from follow-on schedule check
